<?xml version="1.0" encoding="UTF-8"?>
<testng-results skipped="0" failed="0" total="3" passed="3">
  <reporter-output>
  </reporter-output>
  <suite name="Default suite" duration-ms="21390" started-at="2020-09-28T12:42:14Z" finished-at="2020-09-28T12:42:35Z">
    <groups>
    </groups>
    <test name="Default test" duration-ms="21390" started-at="2020-09-28T12:42:14Z" finished-at="2020-09-28T12:42:35Z">
      <class name="org.abc.automation.testcases.TC_001_ValidateLoginFunctionality">
        <test-method status="PASS" signature="InitiateDriverInstance()[pri:0, instance:org.abc.automation.testcases.TC_001_ValidateLoginFunctionality@6f7fd0e6]" name="InitiateDriverInstance" is-config="true" duration-ms="6791" started-at="2020-09-28T22:42:14Z" finished-at="2020-09-28T22:42:21Z">
          <reporter-output>
          </reporter-output>
        </test-method> <!-- InitiateDriverInstance -->
        <test-method status="PASS" signature="tc_001_login_functionality(java.lang.String, java.lang.String)[pri:0, instance:org.abc.automation.testcases.TC_001_ValidateLoginFunctionality@6f7fd0e6]" name="tc_001_login_functionality" duration-ms="463" started-at="2020-09-28T22:42:21Z" data-provider="Static" finished-at="2020-09-28T22:42:21Z">
          <params>
            <param index="0">
              <value>
                <![CDATA[UserName]]>
              </value>
            </param>
            <param index="1">
              <value>
                <![CDATA[Password]]>
              </value>
            </param>
          </params>
          <reporter-output>
          </reporter-output>
        </test-method> <!-- tc_001_login_functionality -->
        <test-method status="PASS" signature="CloseDriverInstance()[pri:0, instance:org.abc.automation.testcases.TC_001_ValidateLoginFunctionality@6f7fd0e6]" name="CloseDriverInstance" is-config="true" duration-ms="1567" started-at="2020-09-28T22:42:21Z" finished-at="2020-09-28T22:42:23Z">
          <reporter-output>
          </reporter-output>
        </test-method> <!-- CloseDriverInstance -->
        <test-method status="PASS" signature="InitiateDriverInstance()[pri:0, instance:org.abc.automation.testcases.TC_001_ValidateLoginFunctionality@6f7fd0e6]" name="InitiateDriverInstance" is-config="true" duration-ms="5031" started-at="2020-09-28T22:42:23Z" finished-at="2020-09-28T22:42:28Z">
          <reporter-output>
          </reporter-output>
        </test-method> <!-- InitiateDriverInstance -->
        <test-method status="PASS" signature="tc_001_login_functionality(java.lang.String, java.lang.String)[pri:0, instance:org.abc.automation.testcases.TC_001_ValidateLoginFunctionality@6f7fd0e6]" name="tc_001_login_functionality" duration-ms="425" started-at="2020-09-28T22:42:28Z" data-provider="Static" finished-at="2020-09-28T22:42:28Z">
          <params>
            <param index="0">
              <value>
                <![CDATA[UserName1]]>
              </value>
            </param>
            <param index="1">
              <value>
                <![CDATA[Password1]]>
              </value>
            </param>
          </params>
          <reporter-output>
          </reporter-output>
        </test-method> <!-- tc_001_login_functionality -->
        <test-method status="PASS" signature="CloseDriverInstance()[pri:0, instance:org.abc.automation.testcases.TC_001_ValidateLoginFunctionality@6f7fd0e6]" name="CloseDriverInstance" is-config="true" duration-ms="665" started-at="2020-09-28T22:42:28Z" finished-at="2020-09-28T22:42:29Z">
          <reporter-output>
          </reporter-output>
        </test-method> <!-- CloseDriverInstance -->
        <test-method status="PASS" signature="InitiateDriverInstance()[pri:0, instance:org.abc.automation.testcases.TC_001_ValidateLoginFunctionality@6f7fd0e6]" name="InitiateDriverInstance" is-config="true" duration-ms="5361" started-at="2020-09-28T22:42:29Z" finished-at="2020-09-28T22:42:34Z">
          <reporter-output>
          </reporter-output>
        </test-method> <!-- InitiateDriverInstance -->
        <test-method status="PASS" signature="tc_001_login_functionality(java.lang.String, java.lang.String)[pri:0, instance:org.abc.automation.testcases.TC_001_ValidateLoginFunctionality@6f7fd0e6]" name="tc_001_login_functionality" duration-ms="404" started-at="2020-09-28T22:42:34Z" data-provider="Static" finished-at="2020-09-28T22:42:35Z">
          <params>
            <param index="0">
              <value>
                <![CDATA[UserName2]]>
              </value>
            </param>
            <param index="1">
              <value>
                <![CDATA[Password2]]>
              </value>
            </param>
          </params>
          <reporter-output>
          </reporter-output>
        </test-method> <!-- tc_001_login_functionality -->
        <test-method status="PASS" signature="CloseDriverInstance()[pri:0, instance:org.abc.automation.testcases.TC_001_ValidateLoginFunctionality@6f7fd0e6]" name="CloseDriverInstance" is-config="true" duration-ms="640" started-at="2020-09-28T22:42:35Z" finished-at="2020-09-28T22:42:35Z">
          <reporter-output>
          </reporter-output>
        </test-method> <!-- CloseDriverInstance -->
      </class> <!-- org.abc.automation.testcases.TC_001_ValidateLoginFunctionality -->
    </test> <!-- Default test -->
  </suite> <!-- Default suite -->
</testng-results>
