<?xml version="1.0" encoding="UTF-8"?>
<!-- Generated by org.testng.reporters.JUnitXMLReporter -->
<testsuite hostname="DESKTOP-IC1TTNK" name="Default test" tests="3" failures="0" timestamp="9 Sep 2020 15:05:21 GMT" time="18.115" errors="0">
  <testcase name="tc_001_login_functionality" time="0.287" classname="org.abc.automation.testcases.TC_001_ValidateLoginFunctionality"/>
  <testcase name="tc_001_login_functionality" time="0.287" classname="org.abc.automation.testcases.TC_001_ValidateLoginFunctionality"/>
  <testcase name="tc_001_login_functionality" time="0.288" classname="org.abc.automation.testcases.TC_001_ValidateLoginFunctionality"/>
</testsuite> <!-- Default test -->
