<?xml version="1.0" encoding="UTF-8"?>
<!-- Generated by org.testng.reporters.JUnitXMLReporter -->
<testsuite hostname="DESKTOP-IC1TTNK" name="Default test" tests="3" failures="0" timestamp="28 Sep 2020 12:42:35 GMT" time="21.39" errors="0">
  <testcase name="tc_001_login_functionality" time="0.463" classname="org.abc.automation.testcases.TC_001_ValidateLoginFunctionality"/>
  <testcase name="tc_001_login_functionality" time="0.425" classname="org.abc.automation.testcases.TC_001_ValidateLoginFunctionality"/>
  <testcase name="tc_001_login_functionality" time="0.404" classname="org.abc.automation.testcases.TC_001_ValidateLoginFunctionality"/>
</testsuite> <!-- Default test -->
